This is pdfTeX, Version 3.141592653-2.6-1.40.25 (TeX Live 2023) (preloaded format=pdflatex 2023.8.13)  13 SEP 2023 17:51
entering extended mode
 restricted \write18 enabled.
 file:line:error style messages enabled.
 %&-line parsing enabled.
**/home/ghostrid/programs/Parameter_Estimation/assignment1/assignment1.tex
(/home/ghostrid/programs/Parameter_Estimation/assignment1/assignment1.tex
LaTeX2e <2023-06-01> patch level 1
L3 programming layer <2023-08-11>
(/usr/local/texlive/2023/texmf-dist/tex/latex/base/article.cls
Document Class: article 2023/05/17 v1.4n Standard LaTeX document class
(/usr/local/texlive/2023/texmf-dist/tex/latex/base/size10.clo
File: size10.clo 2023/05/17 v1.4n Standard LaTeX file (size option)
)
\c@part=\count185
\c@section=\count186
\c@subsection=\count187
\c@subsubsection=\count188
\c@paragraph=\count189
\c@subparagraph=\count190
\c@figure=\count191
\c@table=\count192
\abovecaptionskip=\skip48
\belowcaptionskip=\skip49
\bibindent=\dimen140
) (/usr/local/texlive/2023/texmf-dist/tex/latex/graphics/graphicx.sty
Package: graphicx 2021/09/16 v1.2d Enhanced LaTeX Graphics (DPC,SPQR)
 (/usr/local/texlive/2023/texmf-dist/tex/latex/graphics/keyval.sty
Package: keyval 2022/05/29 v1.15 key=value parser (DPC)
\KV@toks@=\toks17
) (/usr/local/texlive/2023/texmf-dist/tex/latex/graphics/graphics.sty
Package: graphics 2022/03/10 v1.4e Standard LaTeX Graphics (DPC,SPQR)
 (/usr/local/texlive/2023/texmf-dist/tex/latex/graphics/trig.sty
Package: trig 2021/08/11 v1.11 sin cos tan (DPC)
) (/usr/local/texlive/2023/texmf-dist/tex/latex/graphics-cfg/graphics.cfg
File: graphics.cfg 2016/06/04 v1.11 sample graphics configuration
)
Package graphics Info: Driver file: pdftex.def on input line 107.
 (/usr/local/texlive/2023/texmf-dist/tex/latex/graphics-def/pdftex.def
File: pdftex.def 2022/09/22 v1.2b Graphics/color driver for pdftex
))
\Gin@req@height=\dimen141
\Gin@req@width=\dimen142
) (/usr/local/texlive/2023/texmf-dist/tex/latex/l3backend/l3backend-pdftex.def
File: l3backend-pdftex.def 2023-04-19 L3 backend support: PDF output (pdfTeX)
\l__color_backend_stack_int=\count193
\l__pdf_internal_box=\box51
) (./assignment1.aux)
\openout1 = `assignment1.aux'.

LaTeX Font Info:    Checking defaults for OML/cmm/m/it on input line 8.
LaTeX Font Info:    ... okay on input line 8.
LaTeX Font Info:    Checking defaults for OMS/cmsy/m/n on input line 8.
LaTeX Font Info:    ... okay on input line 8.
LaTeX Font Info:    Checking defaults for OT1/cmr/m/n on input line 8.
LaTeX Font Info:    ... okay on input line 8.
LaTeX Font Info:    Checking defaults for T1/cmr/m/n on input line 8.
LaTeX Font Info:    ... okay on input line 8.
LaTeX Font Info:    Checking defaults for TS1/cmr/m/n on input line 8.
LaTeX Font Info:    ... okay on input line 8.
LaTeX Font Info:    Checking defaults for OMX/cmex/m/n on input line 8.
LaTeX Font Info:    ... okay on input line 8.
LaTeX Font Info:    Checking defaults for U/cmr/m/n on input line 8.
LaTeX Font Info:    ... okay on input line 8.
 (/usr/local/texlive/2023/texmf-dist/tex/context/base/mkii/supp-pdf.mkii
[Loading MPS to PDF converter (version 2006.09.02).]
\scratchcounter=\count194
\scratchdimen=\dimen143
\scratchbox=\box52
\nofMPsegments=\count195
\nofMParguments=\count196
\everyMPshowfont=\toks18
\MPscratchCnt=\count197
\MPscratchDim=\dimen144
\MPnumerator=\count198
\makeMPintoPDFobject=\count199
\everyMPtoPDFconversion=\toks19
) (/usr/local/texlive/2023/texmf-dist/tex/latex/epstopdf-pkg/epstopdf-base.sty
Package: epstopdf-base 2020-01-24 v2.11 Base part for package epstopdf
Package epstopdf-base Info: Redefining graphics rule for `.eps' on input line 485.
 (/usr/local/texlive/2023/texmf-dist/tex/latex/latexconfig/epstopdf-sys.cfg
File: epstopdf-sys.cfg 2010/07/13 v1.3 Configuration of (r)epstopdf for TeX Live
))
LaTeX Font Info:    External font `cmex10' loaded for size
(Font)              <12> on input line 10.
LaTeX Font Info:    External font `cmex10' loaded for size
(Font)              <8> on input line 10.
LaTeX Font Info:    External font `cmex10' loaded for size
(Font)              <6> on input line 10.

Underfull \hbox (badness 10000) in paragraph at lines 13--14

 []


Underfull \hbox (badness 10000) in paragraph at lines 18--19

 []

LaTeX Font Info:    External font `cmex10' loaded for size
(Font)              <7> on input line 24.
LaTeX Font Info:    External font `cmex10' loaded for size
(Font)              <5> on input line 24.

Underfull \hbox (badness 10000) in paragraph at lines 22--37

 []

[1

{/usr/local/texlive/2023/texmf-var/fonts/map/pdftex/updmap/pdftex.map}]
<figs/Q1plot.png, id=10, 462.528pt x 346.896pt>
File: figs/Q1plot.png Graphic file (type png)
<use figs/Q1plot.png>
Package pdftex.def Info: figs/Q1plot.png  used on input line 41.
(pdftex.def)             Requested size: 426.79134pt x 320.11154pt.

Overfull \hbox (81.79134pt too wide) in paragraph at lines 41--42
 [][] 
 []

[2

 <./figs/Q1plot.png>]
<figs/Q1dataresmtrix.png, id=16, 462.528pt x 346.896pt>
File: figs/Q1dataresmtrix.png Graphic file (type png)
<use figs/Q1dataresmtrix.png>
Package pdftex.def Info: figs/Q1dataresmtrix.png  used on input line 48.
(pdftex.def)             Requested size: 426.79134pt x 320.11154pt.

Overfull \hbox (81.79134pt too wide) in paragraph at lines 48--49
 [][] 
 []

[3

 <./figs/Q1dataresmtrix.png>]
<figs/Q1modelresmatrix.png, id=21, 462.528pt x 346.896pt>
File: figs/Q1modelresmatrix.png Graphic file (type png)
<use figs/Q1modelresmatrix.png>
Package pdftex.def Info: figs/Q1modelresmatrix.png  used on input line 55.
(pdftex.def)             Requested size: 426.79134pt x 320.11154pt.

Overfull \hbox (81.79134pt too wide) in paragraph at lines 55--56
 [][] 
 []

[4

 <./figs/Q1modelresmatrix.png>]
Underfull \hbox (badness 10000) in paragraph at lines 80--94

 []

[5

]
<figs/Q2plots.png, id=29, 462.528pt x 346.896pt>
File: figs/Q2plots.png Graphic file (type png)
<use figs/Q2plots.png>
Package pdftex.def Info: figs/Q2plots.png  used on input line 98.
(pdftex.def)             Requested size: 426.79134pt x 320.11154pt.

Overfull \hbox (81.79134pt too wide) in paragraph at lines 98--99
 [][] 
 []

[6

 <./figs/Q2plots.png>]
<figs/L1iterplot.png, id=34, 462.528pt x 346.896pt>
File: figs/L1iterplot.png Graphic file (type png)
<use figs/L1iterplot.png>
Package pdftex.def Info: figs/L1iterplot.png  used on input line 105.
(pdftex.def)             Requested size: 426.79134pt x 320.11154pt.

Overfull \hbox (81.79134pt too wide) in paragraph at lines 105--106
 [][] 
 []

[7

 <./figs/L1iterplot.png>]
Underfull \hbox (badness 10000) in paragraph at lines 120--121

 []


Underfull \hbox (badness 10000) in paragraph at lines 124--139

 []

[8

]
<figs/Q3plots.png, id=43, 462.528pt x 346.896pt>
File: figs/Q3plots.png Graphic file (type png)
<use figs/Q3plots.png>
Package pdftex.def Info: figs/Q3plots.png  used on input line 143.
(pdftex.def)             Requested size: 426.79134pt x 320.11154pt.

Overfull \hbox (81.79134pt too wide) in paragraph at lines 143--144
 [][] 
 []

[9

 <./figs/Q3plots.png>]
Overfull \hbox (80.24629pt too wide) in paragraph at lines 364--364
[]    \OT1/cmtt/m/n/10 Enter a degree and a range and a model is generated for that range and degree[] 
 []


Overfull \hbox (32.9967pt too wide) in paragraph at lines 364--364
[]    \OT1/cmtt/m/n/10 m = np.random.uniform(low = rng[0], high = rng[1], size = (deg+1,1))[] 
 []


Overfull \hbox (53.99652pt too wide) in paragraph at lines 364--364
[]\OT1/cmtt/m/n/10 def gen_random_data(model:np.ndarray,size = 20, noise = 0.1,rng = (-10,10)):[] 
 []


Overfull \hbox (80.24629pt too wide) in paragraph at lines 364--364
[]    \OT1/cmtt/m/n/10 Enter a model, and data is generated for that model with added guassian noise[] 
 []


Overfull \hbox (38.24666pt too wide) in paragraph at lines 364--364
[]    \OT1/cmtt/m/n/10 f_0 = np.random.uniform(low = rng[0], high = rng[1], size = (size,1))[] 
 []


Overfull \hbox (122.24593pt too wide) in paragraph at lines 364--364
[]    \OT1/cmtt/m/n/10 Estimates the model using L2 norm minimisation formula for full coloumn rank matrices[] 
 []


Overfull \hbox (132.74583pt too wide) in paragraph at lines 364--364
[]    \OT1/cmtt/m/n/10 m_est = np.matmul(np.matmul(np.linalg.inv(np.matmul(F.transpose(),F)),F.transpose()),d)[] 
 []

[10]
Overfull \hbox (153.74565pt too wide) in paragraph at lines 364--364
[]        \OT1/cmtt/m/n/10 F, d = np.matmul(np.matmul(F.transpose(),R),F), np.matmul(np.matmul(F.transpose(),R),d)[] 
 []


Overfull \hbox (59.24648pt too wide) in paragraph at lines 364--364
[]    \OT1/cmtt/m/n/10 return np.matmul(np.linalg.inv(np.matmul(F.transpose(),F)),F.transpose())[] 
 []


Overfull \hbox (64.49643pt too wide) in paragraph at lines 364--364
[]    \OT1/cmtt/m/n/10 writer.writerow(["True Model","L1 Estimated Model", "L2 Estimated Model"])[] 
 []

[11]
Overfull \hbox (38.24666pt too wide) in paragraph at lines 364--364
[]\OT1/cmtt/m/n/10 F, d = gen_random_data(m) #generate random data with noise for said model[] 
 []

[12] [13] [14] (./assignment1.aux)
 ***********
LaTeX2e <2023-06-01> patch level 1
L3 programming layer <2023-08-11>
 ***********
 ) 
Here is how much of TeX's memory you used:
 1344 strings out of 475189
 22652 string characters out of 5763838
 1928254 words of memory out of 5000000
 22672 multiletter control sequences out of 15000+600000
 562184 words of font info for 50 fonts, out of 8000000 for 9000
 1141 hyphenation exceptions out of 8191
 57i,7n,65p,270b,313s stack positions out of 10000i,1000n,20000p,200000b,200000s
</usr/local/texlive/2023/texmf-dist/fonts/type1/public/amsfonts/cm/cmbx12.pfb></usr/local/texlive/2023/texmf-dist/fonts/type1/public/amsfonts/cm/cmr10.pfb></usr/local/texlive/2023/texmf-dist/fonts/type1/public/amsfonts/cm/cmr12.pfb></usr/local/texlive/2023/texmf-dist/fonts/type1/public/amsfonts/cm/cmr17.pfb></usr/local/texlive/2023/texmf-dist/fonts/type1/public/amsfonts/cm/cmtt10.pfb>
Output written on assignment1.pdf (14 pages, 215917 bytes).
PDF statistics:
 88 PDF objects out of 1000 (max. 8388607)
 49 compressed objects within 1 object stream
 0 named destinations out of 1000 (max. 500000)
 31 words of extra memory for PDF output out of 10000 (max. 10000000)

