This is pdfTeX, Version 3.141592653-2.6-1.40.25 (TeX Live 2023) (preloaded format=pdflatex 2023.8.13)  3 NOV 2023 16:31
entering extended mode
 restricted \write18 enabled.
 file:line:error style messages enabled.
 %&-line parsing enabled.
**/home/ghostrid/programs/Parameter_Estimation/assignment3/assignment2.tex
(/home/ghostrid/programs/Parameter_Estimation/assignment3/assignment2.tex
LaTeX2e <2023-06-01> patch level 1
L3 programming layer <2023-08-11>
(/usr/local/texlive/2023/texmf-dist/tex/latex/base/article.cls
Document Class: article 2023/05/17 v1.4n Standard LaTeX document class
(/usr/local/texlive/2023/texmf-dist/tex/latex/base/size10.clo
File: size10.clo 2023/05/17 v1.4n Standard LaTeX file (size option)
)
\c@part=\count185
\c@section=\count186
\c@subsection=\count187
\c@subsubsection=\count188
\c@paragraph=\count189
\c@subparagraph=\count190
\c@figure=\count191
\c@table=\count192
\abovecaptionskip=\skip48
\belowcaptionskip=\skip49
\bibindent=\dimen140
) (/usr/local/texlive/2023/texmf-dist/tex/latex/graphics/graphicx.sty
Package: graphicx 2021/09/16 v1.2d Enhanced LaTeX Graphics (DPC,SPQR)
 (/usr/local/texlive/2023/texmf-dist/tex/latex/graphics/keyval.sty
Package: keyval 2022/05/29 v1.15 key=value parser (DPC)
\KV@toks@=\toks17
) (/usr/local/texlive/2023/texmf-dist/tex/latex/graphics/graphics.sty
Package: graphics 2022/03/10 v1.4e Standard LaTeX Graphics (DPC,SPQR)
 (/usr/local/texlive/2023/texmf-dist/tex/latex/graphics/trig.sty
Package: trig 2021/08/11 v1.11 sin cos tan (DPC)
) (/usr/local/texlive/2023/texmf-dist/tex/latex/graphics-cfg/graphics.cfg
File: graphics.cfg 2016/06/04 v1.11 sample graphics configuration
)
Package graphics Info: Driver file: pdftex.def on input line 107.
 (/usr/local/texlive/2023/texmf-dist/tex/latex/graphics-def/pdftex.def
File: pdftex.def 2022/09/22 v1.2b Graphics/color driver for pdftex
))
\Gin@req@height=\dimen141
\Gin@req@width=\dimen142
) (/usr/local/texlive/2023/texmf-dist/tex/latex/pgf/utilities/pgffor.sty (/usr/local/texlive/2023/texmf-dist/tex/latex/pgf/utilities/pgfrcs.sty (/usr/local/texlive/2023/texmf-dist/tex/generic/pgf/utilities/pgfutil-common.tex
\pgfutil@everybye=\toks18
\pgfutil@tempdima=\dimen143
\pgfutil@tempdimb=\dimen144
) (/usr/local/texlive/2023/texmf-dist/tex/generic/pgf/utilities/pgfutil-latex.def
\pgfutil@abb=\box51
) (/usr/local/texlive/2023/texmf-dist/tex/generic/pgf/utilities/pgfrcs.code.tex (/usr/local/texlive/2023/texmf-dist/tex/generic/pgf/pgf.revision.tex)
Package: pgfrcs 2023-01-15 v3.1.10 (3.1.10)
)) (/usr/local/texlive/2023/texmf-dist/tex/latex/pgf/utilities/pgfkeys.sty (/usr/local/texlive/2023/texmf-dist/tex/generic/pgf/utilities/pgfkeys.code.tex
\pgfkeys@pathtoks=\toks19
\pgfkeys@temptoks=\toks20
 (/usr/local/texlive/2023/texmf-dist/tex/generic/pgf/utilities/pgfkeyslibraryfiltered.code.tex
\pgfkeys@tmptoks=\toks21
))) (/usr/local/texlive/2023/texmf-dist/tex/latex/pgf/math/pgfmath.sty (/usr/local/texlive/2023/texmf-dist/tex/generic/pgf/math/pgfmath.code.tex (/usr/local/texlive/2023/texmf-dist/tex/generic/pgf/math/pgfmathutil.code.tex
\pgf@x=\dimen145
\pgf@xa=\dimen146
\pgf@xb=\dimen147
\pgf@xc=\dimen148
\pgf@y=\dimen149
\pgf@ya=\dimen150
\pgf@yb=\dimen151
\pgf@yc=\dimen152
\c@pgf@counta=\count193
\c@pgf@countb=\count194
\c@pgf@countc=\count195
\c@pgf@countd=\count196
) (/usr/local/texlive/2023/texmf-dist/tex/generic/pgf/math/pgfmathparser.code.tex
\pgfmath@dimen=\dimen153
\pgfmath@count=\count197
\pgfmath@box=\box52
\pgfmath@toks=\toks22
\pgfmath@stack@operand=\toks23
\pgfmath@stack@operation=\toks24
) (/usr/local/texlive/2023/texmf-dist/tex/generic/pgf/math/pgfmathfunctions.code.tex) (/usr/local/texlive/2023/texmf-dist/tex/generic/pgf/math/pgfmathfunctions.basic.code.tex) (/usr/local/texlive/2023/texmf-dist/tex/generic/pgf/math/pgfmathfunctions.trigonometric.code.tex) (/usr/local/texlive/2023/texmf-dist/tex/generic/pgf/math/pgfmathfunctions.random.code.tex) (/usr/local/texlive/2023/texmf-dist/tex/generic/pgf/math/pgfmathfunctions.comparison.code.tex) (/usr/local/texlive/2023/texmf-dist/tex/generic/pgf/math/pgfmathfunctions.base.code.tex) (/usr/local/texlive/2023/texmf-dist/tex/generic/pgf/math/pgfmathfunctions.round.code.tex) (/usr/local/texlive/2023/texmf-dist/tex/generic/pgf/math/pgfmathfunctions.misc.code.tex) (/usr/local/texlive/2023/texmf-dist/tex/generic/pgf/math/pgfmathfunctions.integerarithmetics.code.tex) (/usr/local/texlive/2023/texmf-dist/tex/generic/pgf/math/pgfmathcalc.code.tex) (/usr/local/texlive/2023/texmf-dist/tex/generic/pgf/math/pgfmathfloat.code.tex
\c@pgfmathroundto@lastzeros=\count198
))) (/usr/local/texlive/2023/texmf-dist/tex/generic/pgf/utilities/pgffor.code.tex
Package: pgffor 2023-01-15 v3.1.10 (3.1.10)
\pgffor@iter=\dimen154
\pgffor@skip=\dimen155
\pgffor@stack=\toks25
\pgffor@toks=\toks26
)) (/usr/local/texlive/2023/texmf-dist/tex/latex/listings/listings.sty
\lst@mode=\count199
\lst@gtempboxa=\box53
\lst@token=\toks27
\lst@length=\count266
\lst@currlwidth=\dimen156
\lst@column=\count267
\lst@pos=\count268
\lst@lostspace=\dimen157
\lst@width=\dimen158
\lst@newlines=\count269
\lst@lineno=\count270
\lst@maxwidth=\dimen159
 (/usr/local/texlive/2023/texmf-dist/tex/latex/listings/lstmisc.sty
File: lstmisc.sty 2023/02/27 1.9 (Carsten Heinz)
\c@lstnumber=\count271
\lst@skipnumbers=\count272
\lst@framebox=\box54
) (/usr/local/texlive/2023/texmf-dist/tex/latex/listings/listings.cfg
File: listings.cfg 2023/02/27 1.9 listings configuration
))
Package: listings 2023/02/27 1.9 (Carsten Heinz)
 (/usr/local/texlive/2023/texmf-dist/tex/latex/xcolor/xcolor.sty
Package: xcolor 2022/06/12 v2.14 LaTeX color extensions (UK)
 (/usr/local/texlive/2023/texmf-dist/tex/latex/graphics-cfg/color.cfg
File: color.cfg 2016/01/02 v1.6 sample color configuration
)
Package xcolor Info: Driver file: pdftex.def on input line 227.
 (/usr/local/texlive/2023/texmf-dist/tex/latex/graphics/mathcolor.ltx)
Package xcolor Info: Model `cmy' substituted by `cmy0' on input line 1353.
Package xcolor Info: Model `hsb' substituted by `rgb' on input line 1357.
Package xcolor Info: Model `RGB' extended on input line 1369.
Package xcolor Info: Model `HTML' substituted by `rgb' on input line 1371.
Package xcolor Info: Model `Hsb' substituted by `hsb' on input line 1372.
Package xcolor Info: Model `tHsb' substituted by `hsb' on input line 1373.
Package xcolor Info: Model `HSB' substituted by `hsb' on input line 1374.
Package xcolor Info: Model `Gray' substituted by `gray' on input line 1375.
Package xcolor Info: Model `wave' substituted by `hsb' on input line 1376.
) (/usr/local/texlive/2023/texmf-dist/tex/latex/l3backend/l3backend-pdftex.def
File: l3backend-pdftex.def 2023-04-19 L3 backend support: PDF output (pdfTeX)
\l__color_backend_stack_int=\count273
\l__pdf_internal_box=\box55
) (./assignment2.aux)
\openout1 = `assignment2.aux'.

LaTeX Font Info:    Checking defaults for OML/cmm/m/it on input line 24.
LaTeX Font Info:    ... okay on input line 24.
LaTeX Font Info:    Checking defaults for OMS/cmsy/m/n on input line 24.
LaTeX Font Info:    ... okay on input line 24.
LaTeX Font Info:    Checking defaults for OT1/cmr/m/n on input line 24.
LaTeX Font Info:    ... okay on input line 24.
LaTeX Font Info:    Checking defaults for T1/cmr/m/n on input line 24.
LaTeX Font Info:    ... okay on input line 24.
LaTeX Font Info:    Checking defaults for TS1/cmr/m/n on input line 24.
LaTeX Font Info:    ... okay on input line 24.
LaTeX Font Info:    Checking defaults for OMX/cmex/m/n on input line 24.
LaTeX Font Info:    ... okay on input line 24.
LaTeX Font Info:    Checking defaults for U/cmr/m/n on input line 24.
LaTeX Font Info:    ... okay on input line 24.
 (/usr/local/texlive/2023/texmf-dist/tex/context/base/mkii/supp-pdf.mkii
[Loading MPS to PDF converter (version 2006.09.02).]
\scratchcounter=\count274
\scratchdimen=\dimen160
\scratchbox=\box56
\nofMPsegments=\count275
\nofMParguments=\count276
\everyMPshowfont=\toks28
\MPscratchCnt=\count277
\MPscratchDim=\dimen161
\MPnumerator=\count278
\makeMPintoPDFobject=\count279
\everyMPtoPDFconversion=\toks29
) (/usr/local/texlive/2023/texmf-dist/tex/latex/epstopdf-pkg/epstopdf-base.sty
Package: epstopdf-base 2020-01-24 v2.11 Base part for package epstopdf
Package epstopdf-base Info: Redefining graphics rule for `.eps' on input line 485.
 (/usr/local/texlive/2023/texmf-dist/tex/latex/latexconfig/epstopdf-sys.cfg
File: epstopdf-sys.cfg 2010/07/13 v1.3 Configuration of (r)epstopdf for TeX Live
))
\c@lstlisting=\count280
LaTeX Font Info:    External font `cmex10' loaded for size
(Font)              <12> on input line 26.
LaTeX Font Info:    External font `cmex10' loaded for size
(Font)              <8> on input line 26.
LaTeX Font Info:    External font `cmex10' loaded for size
(Font)              <6> on input line 26.

Underfull \hbox (badness 10000) in paragraph at lines 28--29

 []

LaTeX Font Info:    External font `cmex10' loaded for size
(Font)              <7> on input line 44.
LaTeX Font Info:    External font `cmex10' loaded for size
(Font)              <5> on input line 44.

Underfull \hbox (badness 10000) in paragraph at lines 49--53

 []

[1

{/usr/local/texlive/2023/texmf-var/fonts/map/pdftex/updmap/pdftex.map}{/usr/local/texlive/2023/texmf-dist/fonts/enc/dvips/cm-super/cm-super-ts1.enc}] [2]
<images/greyscale/alban-modified.png, id=19, 32.12pt x 32.12pt>
File: images/greyscale/alban-modified.png Graphic file (type png)
<use images/greyscale/alban-modified.png>
Package pdftex.def Info: images/greyscale/alban-modified.png  used on input line 66.
(pdftex.def)             Requested size: 207.0021pt x 207.06985pt.
<images/outputs/alban-modified.png, id=21, 32.12pt x 32.12pt>
File: images/outputs/alban-modified.png Graphic file (type png)
<use images/outputs/alban-modified.png>
Package pdftex.def Info: images/outputs/alban-modified.png  used on input line 71.
(pdftex.def)             Requested size: 207.0021pt x 207.06985pt.
<images/outputs/modelres/alban-modified.png, id=22, 462.528pt x 346.896pt>
File: images/outputs/modelres/alban-modified.png Graphic file (type png)
<use images/outputs/modelres/alban-modified.png>
Package pdftex.def Info: images/outputs/modelres/alban-modified.png  used on input line 76.
(pdftex.def)             Requested size: 345.0pt x 258.76335pt.
<images/outputs/datares/alban-modified.png, id=23, 462.528pt x 346.896pt>
File: images/outputs/datares/alban-modified.png Graphic file (type png)
<use images/outputs/datares/alban-modified.png>
Package pdftex.def Info: images/outputs/datares/alban-modified.png  used on input line 81.
(pdftex.def)             Requested size: 345.0pt x 258.76335pt.


LaTeX Warning: `h' float specifier changed to `ht'.


LaTeX Warning: `h' float specifier changed to `ht'.


LaTeX Warning: `h' float specifier changed to `ht'.

[3

 <./images/greyscale/alban-modified.png>] [4 <./images/outputs/alban-modified.png (PNG copy)> <./images/outputs/modelres/alban-modified.png>] [5 <./images/outputs/datares/alban-modified.png>]
<images/greyscale/aztec-modified.png, id=36, 32.12pt x 32.12pt>
File: images/greyscale/aztec-modified.png Graphic file (type png)
<use images/greyscale/aztec-modified.png>
Package pdftex.def Info: images/greyscale/aztec-modified.png  used on input line 90.
(pdftex.def)             Requested size: 207.0021pt x 207.06985pt.
<images/outputs/aztec-modified.png, id=37, 32.12pt x 32.12pt>
File: images/outputs/aztec-modified.png Graphic file (type png)
<use images/outputs/aztec-modified.png>
Package pdftex.def Info: images/outputs/aztec-modified.png  used on input line 95.
(pdftex.def)             Requested size: 207.0021pt x 207.06985pt.
<images/outputs/modelres/aztec-modified.png, id=38, 462.528pt x 346.896pt>
File: images/outputs/modelres/aztec-modified.png Graphic file (type png)
<use images/outputs/modelres/aztec-modified.png>
Package pdftex.def Info: images/outputs/modelres/aztec-modified.png  used on input line 100.
(pdftex.def)             Requested size: 345.0pt x 258.76335pt.
<images/outputs/datares/aztec-modified.png, id=39, 462.528pt x 346.896pt>
File: images/outputs/datares/aztec-modified.png Graphic file (type png)
<use images/outputs/datares/aztec-modified.png>
Package pdftex.def Info: images/outputs/datares/aztec-modified.png  used on input line 105.
(pdftex.def)             Requested size: 345.0pt x 258.76335pt.


LaTeX Warning: `h' float specifier changed to `ht'.


LaTeX Warning: `h' float specifier changed to `ht'.


LaTeX Warning: `h' float specifier changed to `ht'.

[6

 <./images/greyscale/aztec-modified.png>] [7 <./images/outputs/aztec-modified.png (PNG copy)> <./images/outputs/modelres/aztec-modified.png>] [8 <./images/outputs/datares/aztec-modified.png>]
<images/greyscale/bee_nest_front_honey-modified.png, id=53, 16.06pt x 16.06pt>
File: images/greyscale/bee_nest_front_honey-modified.png Graphic file (type png)
<use images/greyscale/bee_nest_front_honey-modified.png>
Package pdftex.def Info: images/greyscale/bee_nest_front_honey-modified.png  used on input line 114.
(pdftex.def)             Requested size: 207.0021pt x 207.17058pt.
<images/outputs/bee_nest_front_honey-modified.png, id=54, 16.06pt x 16.06pt>
File: images/outputs/bee_nest_front_honey-modified.png Graphic file (type png)
<use images/outputs/bee_nest_front_honey-modified.png>
Package pdftex.def Info: images/outputs/bee_nest_front_honey-modified.png  used on input line 119.
(pdftex.def)             Requested size: 207.0021pt x 207.17058pt.
<images/outputs/modelres/bee_nest_front_honey-modified.png, id=55, 462.528pt x 346.896pt>
File: images/outputs/modelres/bee_nest_front_honey-modified.png Graphic file (type png)
<use images/outputs/modelres/bee_nest_front_honey-modified.png>
Package pdftex.def Info: images/outputs/modelres/bee_nest_front_honey-modified.png  used on input line 124.
(pdftex.def)             Requested size: 345.0pt x 258.76335pt.
<images/outputs/datares/bee_nest_front_honey-modified.png, id=56, 462.528pt x 346.896pt>
File: images/outputs/datares/bee_nest_front_honey-modified.png Graphic file (type png)
<use images/outputs/datares/bee_nest_front_honey-modified.png>
Package pdftex.def Info: images/outputs/datares/bee_nest_front_honey-modified.png  used on input line 129.
(pdftex.def)             Requested size: 345.0pt x 258.76335pt.


LaTeX Warning: `h' float specifier changed to `ht'.


LaTeX Warning: `h' float specifier changed to `ht'.


LaTeX Warning: `h' float specifier changed to `ht'.

[9

 <./images/greyscale/bee_nest_front_honey-modified.png>] [10 <./images/outputs/bee_nest_front_honey-modified.png (PNG copy)> <./images/outputs/modelres/bee_nest_front_honey-modified.png>] [11 <./images/outputs/datares/bee_nest_front_honey-modified.png>]
<images/greyscale/carved_pumpkin-modified.png, id=69, 16.06pt x 16.06pt>
File: images/greyscale/carved_pumpkin-modified.png Graphic file (type png)
<use images/greyscale/carved_pumpkin-modified.png>
Package pdftex.def Info: images/greyscale/carved_pumpkin-modified.png  used on input line 138.
(pdftex.def)             Requested size: 207.0021pt x 207.17058pt.
<images/outputs/carved_pumpkin-modified.png, id=70, 16.06pt x 16.06pt>
File: images/outputs/carved_pumpkin-modified.png Graphic file (type png)
<use images/outputs/carved_pumpkin-modified.png>
Package pdftex.def Info: images/outputs/carved_pumpkin-modified.png  used on input line 143.
(pdftex.def)             Requested size: 207.0021pt x 207.17058pt.
<images/outputs/modelres/carved_pumpkin-modified.png, id=71, 462.528pt x 346.896pt>
File: images/outputs/modelres/carved_pumpkin-modified.png Graphic file (type png)
<use images/outputs/modelres/carved_pumpkin-modified.png>
Package pdftex.def Info: images/outputs/modelres/carved_pumpkin-modified.png  used on input line 148.
(pdftex.def)             Requested size: 345.0pt x 258.76335pt.
<images/outputs/datares/carved_pumpkin-modified.png, id=72, 462.528pt x 346.896pt>
File: images/outputs/datares/carved_pumpkin-modified.png Graphic file (type png)
<use images/outputs/datares/carved_pumpkin-modified.png>
Package pdftex.def Info: images/outputs/datares/carved_pumpkin-modified.png  used on input line 153.
(pdftex.def)             Requested size: 345.0pt x 258.76335pt.


LaTeX Warning: `h' float specifier changed to `ht'.


LaTeX Warning: `h' float specifier changed to `ht'.


LaTeX Warning: `h' float specifier changed to `ht'.

[12

 <./images/greyscale/carved_pumpkin-modified.png>] [13 <./images/outputs/carved_pumpkin-modified.png (PNG copy)> <./images/outputs/modelres/carved_pumpkin-modified.png>] [14 <./images/outputs/datares/carved_pumpkin-modified.png>]
File: images/greyscale/alban-modified.png Graphic file (type png)
<use images/greyscale/alban-modified.png>
Package pdftex.def Info: images/greyscale/alban-modified.png  used on input line 169.
(pdftex.def)             Requested size: 207.0021pt x 207.06985pt.
<images/outputs/noise/alban-modified_noise.png, id=86, 32.12pt x 32.12pt>
File: images/outputs/noise/alban-modified_noise.png Graphic file (type png)
<use images/outputs/noise/alban-modified_noise.png>
Package pdftex.def Info: images/outputs/noise/alban-modified_noise.png  used on input line 174.
(pdftex.def)             Requested size: 207.0021pt x 207.06985pt.
<images/outputs/modelres/alban-modified_noise.png, id=87, 462.528pt x 346.896pt>
File: images/outputs/modelres/alban-modified_noise.png Graphic file (type png)
<use images/outputs/modelres/alban-modified_noise.png>
Package pdftex.def Info: images/outputs/modelres/alban-modified_noise.png  used on input line 179.
(pdftex.def)             Requested size: 345.0pt x 258.76335pt.
<images/outputs/datares/alban-modified_noise.png, id=88, 462.528pt x 346.896pt>
File: images/outputs/datares/alban-modified_noise.png Graphic file (type png)
<use images/outputs/datares/alban-modified_noise.png>
Package pdftex.def Info: images/outputs/datares/alban-modified_noise.png  used on input line 184.
(pdftex.def)             Requested size: 345.0pt x 258.76335pt.


LaTeX Warning: `h' float specifier changed to `ht'.


LaTeX Warning: `h' float specifier changed to `ht'.


LaTeX Warning: `h' float specifier changed to `ht'.

[15

] [16 <./images/outputs/noise/alban-modified_noise.png (PNG copy)> <./images/outputs/modelres/alban-modified_noise.png>] [17 <./images/outputs/datares/alban-modified_noise.png>]
File: images/greyscale/aztec-modified.png Graphic file (type png)
<use images/greyscale/aztec-modified.png>
Package pdftex.def Info: images/greyscale/aztec-modified.png  used on input line 193.
(pdftex.def)             Requested size: 207.0021pt x 207.06985pt.
<images/outputs/noise/aztec-modified_noise.png, id=100, 32.12pt x 32.12pt>
File: images/outputs/noise/aztec-modified_noise.png Graphic file (type png)
<use images/outputs/noise/aztec-modified_noise.png>
Package pdftex.def Info: images/outputs/noise/aztec-modified_noise.png  used on input line 198.
(pdftex.def)             Requested size: 207.0021pt x 207.06985pt.
<images/outputs/modelres/aztec-modified_noise.png, id=101, 462.528pt x 346.896pt>
File: images/outputs/modelres/aztec-modified_noise.png Graphic file (type png)
<use images/outputs/modelres/aztec-modified_noise.png>
Package pdftex.def Info: images/outputs/modelres/aztec-modified_noise.png  used on input line 203.
(pdftex.def)             Requested size: 345.0pt x 258.76335pt.
<images/outputs/datares/aztec-modified_noise.png, id=102, 462.528pt x 346.896pt>
File: images/outputs/datares/aztec-modified_noise.png Graphic file (type png)
<use images/outputs/datares/aztec-modified_noise.png>
Package pdftex.def Info: images/outputs/datares/aztec-modified_noise.png  used on input line 208.
(pdftex.def)             Requested size: 345.0pt x 258.76335pt.


LaTeX Warning: `h' float specifier changed to `ht'.


LaTeX Warning: `h' float specifier changed to `ht'.


LaTeX Warning: `h' float specifier changed to `ht'.

[18

] [19 <./images/outputs/noise/aztec-modified_noise.png (PNG copy)> <./images/outputs/modelres/aztec-modified_noise.png>] [20 <./images/outputs/datares/aztec-modified_noise.png>]
File: images/greyscale/bee_nest_front_honey-modified.png Graphic file (type png)
<use images/greyscale/bee_nest_front_honey-modified.png>
Package pdftex.def Info: images/greyscale/bee_nest_front_honey-modified.png  used on input line 217.
(pdftex.def)             Requested size: 207.0021pt x 207.17058pt.
<images/outputs/noise/bee_nest_front_honey-modified_noise.png, id=115, 16.06pt x 16.06pt>
File: images/outputs/noise/bee_nest_front_honey-modified_noise.png Graphic file (type png)
<use images/outputs/noise/bee_nest_front_honey-modified_noise.png>
Package pdftex.def Info: images/outputs/noise/bee_nest_front_honey-modified_noise.png  used on input line 222.
(pdftex.def)             Requested size: 207.0021pt x 207.17058pt.
<images/outputs/modelres/bee_nest_front_honey-modified_noise.png, id=116, 462.528pt x 346.896pt>
File: images/outputs/modelres/bee_nest_front_honey-modified_noise.png Graphic file (type png)
<use images/outputs/modelres/bee_nest_front_honey-modified_noise.png>
Package pdftex.def Info: images/outputs/modelres/bee_nest_front_honey-modified_noise.png  used on input line 227.
(pdftex.def)             Requested size: 345.0pt x 258.76335pt.
<images/outputs/datares/bee_nest_front_honey-modified_noise.png, id=117, 462.528pt x 346.896pt>
File: images/outputs/datares/bee_nest_front_honey-modified_noise.png Graphic file (type png)
<use images/outputs/datares/bee_nest_front_honey-modified_noise.png>
Package pdftex.def Info: images/outputs/datares/bee_nest_front_honey-modified_noise.png  used on input line 232.
(pdftex.def)             Requested size: 345.0pt x 258.76335pt.


LaTeX Warning: `h' float specifier changed to `ht'.


LaTeX Warning: `h' float specifier changed to `ht'.


LaTeX Warning: `h' float specifier changed to `ht'.

[21

] [22 <./images/outputs/noise/bee_nest_front_honey-modified_noise.png (PNG copy)> <./images/outputs/modelres/bee_nest_front_honey-modified_noise.png>] [23 <./images/outputs/datares/bee_nest_front_honey-modified_noise.png>]
File: images/greyscale/carved_pumpkin-modified.png Graphic file (type png)
<use images/greyscale/carved_pumpkin-modified.png>
Package pdftex.def Info: images/greyscale/carved_pumpkin-modified.png  used on input line 241.
(pdftex.def)             Requested size: 207.0021pt x 207.17058pt.
<images/outputs/noise/carved_pumpkin-modified_noise.png, id=129, 16.06pt x 16.06pt>
File: images/outputs/noise/carved_pumpkin-modified_noise.png Graphic file (type png)
<use images/outputs/noise/carved_pumpkin-modified_noise.png>
Package pdftex.def Info: images/outputs/noise/carved_pumpkin-modified_noise.png  used on input line 246.
(pdftex.def)             Requested size: 207.0021pt x 207.17058pt.
<images/outputs/modelres/carved_pumpkin-modified_noise.png, id=130, 462.528pt x 346.896pt>
File: images/outputs/modelres/carved_pumpkin-modified_noise.png Graphic file (type png)
<use images/outputs/modelres/carved_pumpkin-modified_noise.png>
Package pdftex.def Info: images/outputs/modelres/carved_pumpkin-modified_noise.png  used on input line 251.
(pdftex.def)             Requested size: 345.0pt x 258.76335pt.
<images/outputs/datares/carved_pumpkin-modified_noise.png, id=131, 462.528pt x 346.896pt>
File: images/outputs/datares/carved_pumpkin-modified_noise.png Graphic file (type png)
<use images/outputs/datares/carved_pumpkin-modified_noise.png>
Package pdftex.def Info: images/outputs/datares/carved_pumpkin-modified_noise.png  used on input line 256.
(pdftex.def)             Requested size: 345.0pt x 258.76335pt.


LaTeX Warning: `h' float specifier changed to `ht'.


LaTeX Warning: `h' float specifier changed to `ht'.


LaTeX Warning: `h' float specifier changed to `ht'.

[24

] [25 <./images/outputs/noise/carved_pumpkin-modified_noise.png (PNG copy)> <./images/outputs/modelres/carved_pumpkin-modified_noise.png>] [26 <./images/outputs/datares/carved_pumpkin-modified_noise.png>]
Overfull \hbox (4.13959pt too wide) in paragraph at lines 271--273
[]\OT1/cmr/m/n/10 The tikonov so-lu-tion had sim-i-lar re-cov-ery qual-ity, be-cause tikonov smoothly
 []

(/usr/local/texlive/2023/texmf-dist/tex/latex/listings/lstlang1.sty
File: lstlang1.sty 2023/02/27 1.9 listings language file
) [27

] [28] [29] [30] [31] [32] [33] [34] [35] [36] (./assignment2.aux)
 ***********
LaTeX2e <2023-06-01> patch level 1
L3 programming layer <2023-08-11>
 ***********
 ) 
Here is how much of TeX's memory you used:
 9150 strings out of 475189
 172358 string characters out of 5763838
 2203254 words of memory out of 5000000
 30374 multiletter control sequences out of 15000+600000
 562827 words of font info for 52 fonts, out of 8000000 for 9000
 1141 hyphenation exceptions out of 8191
 57i,7n,65p,475b,1819s stack positions out of 10000i,1000n,20000p,200000b,200000s
</usr/local/texlive/2023/texmf-dist/fonts/type1/public/amsfonts/cm/cmbx10.pfb></usr/local/texlive/2023/texmf-dist/fonts/type1/public/amsfonts/cm/cmbx12.pfb></usr/local/texlive/2023/texmf-dist/fonts/type1/public/amsfonts/cm/cmmi10.pfb></usr/local/texlive/2023/texmf-dist/fonts/type1/public/amsfonts/cm/cmmi7.pfb></usr/local/texlive/2023/texmf-dist/fonts/type1/public/amsfonts/cm/cmr10.pfb></usr/local/texlive/2023/texmf-dist/fonts/type1/public/amsfonts/cm/cmr12.pfb></usr/local/texlive/2023/texmf-dist/fonts/type1/public/amsfonts/cm/cmr17.pfb></usr/local/texlive/2023/texmf-dist/fonts/type1/public/amsfonts/cm/cmr5.pfb></usr/local/texlive/2023/texmf-dist/fonts/type1/public/amsfonts/cm/cmr7.pfb></usr/local/texlive/2023/texmf-dist/fonts/type1/public/amsfonts/cm/cmsy7.pfb></usr/local/texlive/2023/texmf-dist/fonts/type1/public/amsfonts/cm/cmtt10.pfb></usr/local/texlive/2023/texmf-dist/fonts/type1/public/cm-super/sfrm1000.pfb>
Output written on assignment2.pdf (36 pages, 1721535 bytes).
PDF statistics:
 230 PDF objects out of 1000 (max. 8388607)
 118 compressed objects within 2 object streams
 0 named destinations out of 1000 (max. 500000)
 141 words of extra memory for PDF output out of 10000 (max. 10000000)

